
> my-v0-project@0.1.0 build
> next build

  ▲ Next.js 14.2.16
  - Environments: .env.local

   Creating an optimized production build ...
 ✓ (pwa) Compiling for server...
 ✓ (pwa) Compiling for server...
 ✓ (pwa) Compiling for client (static)...
 ○ (pwa) Service worker: C:\Users\skyis\Downloads\korea-care-concierge\public\sw.js
 ○ (pwa)   URL: /sw.js
 ○ (pwa)   Scope: /
 ✓ Compiled successfully
   Linting and checking validity of types ...
 ⨯ ESLint: Invalid Options: - Unknown options: useEslintrc, extensions - 'extensions' has been removed.
Failed to compile.

./components/faq-section.tsx:85:15
Type error: 'entry' is possibly 'undefined'.

[0m [90m 83 |[39m       [36mconst[39m observer [33m=[39m [36mnew[39m [33mIntersectionObserver[39m([0m
[0m [90m 84 |[39m         ([entry]) [33m=>[39m {[0m
[0m[31m[1m>[22m[39m[90m 85 |[39m           [36mif[39m (entry[33m.[39misIntersecting) {[0m
[0m [90m    |[39m               [31m[1m^[22m[39m[0m
[0m [90m 86 |[39m             setTimeout(() [33m=>[39m {[0m
[0m [90m 87 |[39m               setVisibleItems(prev [33m=>[39m [[33m...[39mprev[33m,[39m index])[0m
[0m [90m 88 |[39m             }[33m,[39m index [33m*[39m [35m80[39m)[0m
